<?xml version="1.0" encoding="UTF-8"?>
<!-- Generated by org.testng.reporters.JUnitXMLReporter -->
<testsuite ignored="0" hostname="PE-HO-451" failures="0" tests="4" name="Test" time="62.589" errors="0" timestamp="2022-10-07T11:37:04 COT">
  <testcase classname="RunPruebas.RunPrueba" name="operacionCalculadora" time="0.003"/>
  <testcase classname="RunPruebas.RunPrueba" name="pruebaMercadolibreWeb" time="61.293"/>
  <testcase classname="RunPruebas.RunPrueba" name="pruebaAlerts" time="0.001"/>
  <testcase classname="RunPruebas.RunPrueba" name="pruebaWidgets" time="0.001"/>
</testsuite> <!-- Test -->
